<?xml version="1.0" encoding="UTF-8"?>
<testsuite name="com.gagyeong.book.springboot.web.dto.HelloResponseDtoTest" tests="1" skipped="0" failures="0" errors="0" timestamp="2021-10-02T12:34:23" hostname="LAPTOP-QHHHEVDE" time="0.076">
  <properties/>
  <testcase name="롬복_기능_테스트" classname="com.gagyeong.book.springboot.web.dto.HelloResponseDtoTest" time="0.076"/>
  <system-out><![CDATA[]]></system-out>
  <system-err><![CDATA[]]></system-err>
</testsuite>
