<?xml version="1.0" encoding="UTF-8"?>
<testsuite name="com.gagyeong.book.springboot.web.IndexControllerTest" tests="1" skipped="0" failures="0" errors="0" timestamp="2021-10-13T04:10:34" hostname="LAPTOP-QHHHEVDE" time="0.397">
  <properties/>
  <testcase name="메인페이지_로딩" classname="com.gagyeong.book.springboot.web.IndexControllerTest" time="0.397"/>
  <system-out><![CDATA[2021-10-13 13:10:30.570  INFO 13688 --- [    Test worker] .b.t.c.SpringBootTestContextBootstrapper : Neither @ContextConfiguration nor @ContextHierarchy found for test class [com.gagyeong.book.springboot.web.IndexControllerTest], using SpringBootContextLoader
2021-10-13 13:10:30.574  INFO 13688 --- [    Test worker] o.s.t.c.support.AbstractContextLoader    : Could not detect default resource locations for test class [com.gagyeong.book.springboot.web.IndexControllerTest]: no resource found for suffixes {-context.xml, Context.groovy}.
2021-10-13 13:10:30.575  INFO 13688 --- [    Test worker] t.c.s.AnnotationConfigContextLoaderUtils : Could not detect default configuration classes for test class [com.gagyeong.book.springboot.web.IndexControllerTest]: IndexControllerTest does not declare any static, non-private, non-final, nested classes annotated with @Configuration.
2021-10-13 13:10:30.581  INFO 13688 --- [    Test worker] .b.t.c.SpringBootTestContextBootstrapper : Found @SpringBootConfiguration com.gagyeong.book.springboot.Application for test class com.gagyeong.book.springboot.web.IndexControllerTest
2021-10-13 13:10:30.585  INFO 13688 --- [    Test worker] .b.t.c.SpringBootTestContextBootstrapper : Loaded default TestExecutionListener class names from location [META-INF/spring.factories]: [org.springframework.boot.test.autoconfigure.restdocs.RestDocsTestExecutionListener, org.springframework.boot.test.autoconfigure.web.client.MockRestServiceServerResetTestExecutionListener, org.springframework.boot.test.autoconfigure.web.servlet.MockMvcPrintOnlyOnFailureTestExecutionListener, org.springframework.boot.test.autoconfigure.web.servlet.WebDriverTestExecutionListener, org.springframework.boot.test.mock.mockito.MockitoTestExecutionListener, org.springframework.boot.test.mock.mockito.ResetMocksTestExecutionListener, org.springframework.test.context.web.ServletTestExecutionListener, org.springframework.test.context.support.DirtiesContextBeforeModesTestExecutionListener, org.springframework.test.context.support.DependencyInjectionTestExecutionListener, org.springframework.test.context.support.DirtiesContextTestExecutionListener, org.springframework.test.context.transaction.TransactionalTestExecutionListener, org.springframework.test.context.jdbc.SqlScriptsTestExecutionListener]
2021-10-13 13:10:30.586  INFO 13688 --- [    Test worker] .b.t.c.SpringBootTestContextBootstrapper : Using TestExecutionListeners: [org.springframework.test.context.web.ServletTestExecutionListener@7750783e, org.springframework.test.context.support.DirtiesContextBeforeModesTestExecutionListener@6f6ce61d, org.springframework.boot.test.mock.mockito.MockitoTestExecutionListener@14302a3, org.springframework.boot.test.autoconfigure.SpringBootDependencyInjectionTestExecutionListener@590bd9a6, org.springframework.test.context.support.DirtiesContextTestExecutionListener@2deecb31, org.springframework.test.context.transaction.TransactionalTestExecutionListener@253a9c9f, org.springframework.test.context.jdbc.SqlScriptsTestExecutionListener@3cf5c481, org.springframework.boot.test.autoconfigure.restdocs.RestDocsTestExecutionListener@3b34ec50, org.springframework.boot.test.autoconfigure.web.client.MockRestServiceServerResetTestExecutionListener@60d81f44, org.springframework.boot.test.autoconfigure.web.servlet.MockMvcPrintOnlyOnFailureTestExecutionListener@1177a9a4, org.springframework.boot.test.autoconfigure.web.servlet.WebDriverTestExecutionListener@334b6c7, org.springframework.boot.test.mock.mockito.ResetMocksTestExecutionListener@1ffe9c9d]

  .   ____          _            __ _ _
 /\\ / ___'_ __ _ _(_)_ __  __ _ \ \ \ \
( ( )\___ | '_ | '_| | '_ \/ _` | \ \ \ \
 \\/  ___)| |_)| | | | | || (_| |  ) ) ) )
  '  |____| .__|_| |_|_| |_\__, | / / / /
 =========|_|==============|___/=/_/_/_/
 :: Spring Boot ::        (v2.1.7.RELEASE)

2021-10-13 13:10:30.695  INFO 13688 --- [    Test worker] c.g.b.s.web.IndexControllerTest          : Starting IndexControllerTest on LAPTOP-QHHHEVDE with PID 13688 (started by SM in C:\Users\SM\Documents\GitHub\WEB\WEB_springboot\freelec-springboot2-webservice)
2021-10-13 13:10:30.696  INFO 13688 --- [    Test worker] c.g.b.s.web.IndexControllerTest          : No active profile set, falling back to default profiles: default
2021-10-13 13:10:31.203  INFO 13688 --- [    Test worker] .s.d.r.c.RepositoryConfigurationDelegate : Bootstrapping Spring Data repositories in DEFAULT mode.
2021-10-13 13:10:31.285  INFO 13688 --- [    Test worker] .s.d.r.c.RepositoryConfigurationDelegate : Finished Spring Data repository scanning in 82ms. Found 1 repository interfaces.
2021-10-13 13:10:31.434  INFO 13688 --- [    Test worker] trationDelegate$BeanPostProcessorChecker : Bean 'org.springframework.transaction.annotation.ProxyTransactionManagementConfiguration' of type [org.springframework.transaction.annotation.ProxyTransactionManagementConfiguration$$EnhancerBySpringCGLIB$$bec45613] is not eligible for getting processed by all BeanPostProcessors (for example: not eligible for auto-proxying)
2021-10-13 13:10:32.035  INFO 13688 --- [    Test worker] o.s.b.w.embedded.tomcat.TomcatWebServer  : Tomcat initialized with port(s): 0 (http)
2021-10-13 13:10:32.085  INFO 13688 --- [    Test worker] o.apache.catalina.core.StandardService   : Starting service [Tomcat]
2021-10-13 13:10:32.086  INFO 13688 --- [    Test worker] org.apache.catalina.core.StandardEngine  : Starting Servlet engine: [Apache Tomcat/9.0.22]
2021-10-13 13:10:32.456  INFO 13688 --- [    Test worker] o.a.c.c.C.[Tomcat].[localhost].[/]       : Initializing Spring embedded WebApplicationContext
2021-10-13 13:10:32.457  INFO 13688 --- [    Test worker] o.s.web.context.ContextLoader            : Root WebApplicationContext: initialization completed in 1756 ms
2021-10-13 13:10:32.833  INFO 13688 --- [    Test worker] com.zaxxer.hikari.HikariDataSource       : HikariPool-2 - Starting...
2021-10-13 13:10:32.834  INFO 13688 --- [    Test worker] com.zaxxer.hikari.HikariDataSource       : HikariPool-2 - Start completed.
2021-10-13 13:10:32.912  INFO 13688 --- [    Test worker] o.hibernate.jpa.internal.util.LogHelper  : HHH000204: Processing PersistenceUnitInfo [
	name: default
	...]
2021-10-13 13:10:32.951  INFO 13688 --- [    Test worker] org.hibernate.dialect.Dialect            : HHH000400: Using dialect: org.hibernate.dialect.MySQL5InnoDBDialect
Hibernate: drop table if exists posts
Hibernate: create table posts (id bigint not null auto_increment, created_date datetime, modified_date datetime, author varchar(255), content TEXT not null, title varchar(500) not null, primary key (id)) engine=InnoDB
2021-10-13 13:10:33.023  INFO 13688 --- [    Test worker] o.h.t.schema.internal.SchemaCreatorImpl  : HHH000476: Executing import script 'org.hibernate.tool.schema.internal.exec.ScriptSourceInputNonExistentImpl@1a363d6c'
2021-10-13 13:10:33.024  INFO 13688 --- [    Test worker] j.LocalContainerEntityManagerFactoryBean : Initialized JPA EntityManagerFactory for persistence unit 'default'
2021-10-13 13:10:33.118  INFO 13688 --- [    Test worker] o.h.h.i.QueryTranslatorFactoryInitiator  : HHH000397: Using ASTQueryTranslatorFactory
2021-10-13 13:10:33.634  INFO 13688 --- [    Test worker] o.s.s.concurrent.ThreadPoolTaskExecutor  : Initializing ExecutorService 'applicationTaskExecutor'
2021-10-13 13:10:33.655  WARN 13688 --- [    Test worker] aWebConfiguration$JpaWebMvcConfiguration : spring.jpa.open-in-view is enabled by default. Therefore, database queries may be performed during view rendering. Explicitly configure spring.jpa.open-in-view to disable this warning
2021-10-13 13:10:33.704  INFO 13688 --- [    Test worker] o.s.b.a.w.s.WelcomePageHandlerMapping    : Adding welcome page template: index
2021-10-13 13:10:34.320  INFO 13688 --- [    Test worker] o.s.b.w.embedded.tomcat.TomcatWebServer  : Tomcat started on port(s): 8492 (http) with context path ''
2021-10-13 13:10:34.321  INFO 13688 --- [    Test worker] c.g.b.s.web.IndexControllerTest          : Started IndexControllerTest in 3.727 seconds (JVM running for 24.878)
2021-10-13 13:10:34.514  INFO 13688 --- [o-auto-1-exec-1] o.a.c.c.C.[Tomcat].[localhost].[/]       : Initializing Spring DispatcherServlet 'dispatcherServlet'
2021-10-13 13:10:34.515  INFO 13688 --- [o-auto-1-exec-1] o.s.web.servlet.DispatcherServlet        : Initializing Servlet 'dispatcherServlet'
2021-10-13 13:10:34.557  INFO 13688 --- [o-auto-1-exec-1] o.s.web.servlet.DispatcherServlet        : Completed initialization in 42 ms
Hibernate: select posts0_.id as id1_0_, posts0_.created_date as created_2_0_, posts0_.modified_date as modified3_0_, posts0_.author as author4_0_, posts0_.content as content5_0_, posts0_.title as title6_0_ from posts posts0_ order by posts0_.id DESC
]]></system-out>
  <system-err><![CDATA[]]></system-err>
</testsuite>
